
/home/runner/work/exp-water-hardness-iitr/exp-water-hardness-iitr/experiment/simulation/js/3and4KMno4.js
    3:13   warning  'image2' is defined but never used                        no-unused-vars
   13:40   warning  'img3yimg3w' is defined but never used                    no-unused-vars
   19:5    warning  'animationInProgress' is assigned a value but never used  no-unused-vars
   24:5    warning  'gif' is defined but never used                           no-unused-vars
   25:5    warning  'blinking' is assigned a value but never used             no-unused-vars
   51:7    warning  'noStroke' is not defined                                 no-undef
   52:7    warning  'fill' is not defined                                     no-undef
   53:7    warning  'ellipse' is not defined                                  no-undef
   58:10   warning  'preload' is defined but never used                       no-unused-vars
   60:12   warning  'loadImage' is not defined                                no-undef
   61:3    warning  'img' is not defined                                      no-undef
   61:9    warning  'loadImage' is not defined                                no-undef
   62:11   warning  'loadImage' is not defined                                no-undef
   63:3    warning  'image3' is not defined                                   no-undef
   63:12   warning  'loadImage' is not defined                                no-undef
   64:3    warning  'frontflask' is not defined                               no-undef
   64:16   warning  'loadImage' is not defined                                no-undef
   65:3    warning  'liquid' is not defined                                   no-undef
   65:12   warning  'loadImage' is not defined                                no-undef
   66:3    warning  'nextimg' is not defined                                  no-undef
   66:13   warning  'loadImage' is not defined                                no-undef
   67:3    warning  'gif1' is not defined                                     no-undef
   67:10   warning  'createImg' is not defined                                no-undef
   68:3    warning  'gif2' is not defined                                     no-undef
   68:10   warning  'createImg' is not defined                                no-undef
   69:3    warning  'gif3' is not defined                                     no-undef
   69:10   warning  'createImg' is not defined                                no-undef
   70:3    warning  'gif4' is not defined                                     no-undef
   70:10   warning  'createImg' is not defined                                no-undef
   71:3    warning  'plantGIF' is not defined                                 no-undef
   71:14   warning  'createImg' is not defined                                no-undef
   73:3    warning  'gif1' is not defined                                     no-undef
   74:3    warning  'gif2' is not defined                                     no-undef
   75:3    warning  'gif3' is not defined                                     no-undef
   76:3    warning  'gif4' is not defined                                     no-undef
   77:3    warning  'plantGIF' is not defined                                 no-undef
   80:3    warning  'gif1' is not defined                                     no-undef
   81:3    warning  'gif2' is not defined                                     no-undef
   82:3    warning  'gif3' is not defined                                     no-undef
   83:3    warning  'gif4' is not defined                                     no-undef
   86:10   warning  'setup' is defined but never used                         no-unused-vars
   88:11   warning  'createCanvas' is not defined                             no-undef
   90:3    warning  'gif1' is not defined                                     no-undef
   91:3    warning  'gif2' is not defined                                     no-undef
   92:3    warning  'gif3' is not defined                                     no-undef
   93:3    warning  'gif4' is not defined                                     no-undef
   94:3    warning  'plantGIF' is not defined                                 no-undef
   97:16   warning  'img3y' is not defined                                    no-undef
   97:29   warning  'img3w' is not defined                                    no-undef
  104:3    warning  'gif1' is not defined                                     no-undef
  115:16   warning  'createVector' is not defined                             no-undef
  123:18   warning  'createVector' is not defined                             no-undef
  123:38   warning  'img3y' is not defined                                    no-undef
  132:10   warning  'draw' is defined but never used                          no-unused-vars
  135:6    warning  'gif1' is not defined                                     no-undef
  136:3    warning  'gif2' is not defined                                     no-undef
  137:3    warning  'gif3' is not defined                                     no-undef
  138:3    warning  'gif4' is not defined                                     no-undef
  139:3    warning  'plantGIF' is not defined                                 no-undef
  141:3    warning  'background' is not defined                               no-undef
  149:3    warning  'push' is not defined                                     no-undef
  151:5    warning  'tint' is not defined                                     no-undef
  153:3    warning  'image' is not defined                                    no-undef
  153:9    warning  'liquid' is not defined                                   no-undef
  154:3    warning  'pop' is not defined                                      no-undef
  155:3    warning  'image' is not defined                                    no-undef
  155:9    warning  'frontflask' is not defined                               no-undef
  160:7    warning  'millis' is not defined                                   no-undef
  162:5    warning  'image' is not defined                                    no-undef
  162:11   warning  'nextimg' is not defined                                  no-undef
  172:5    warning  'noStroke' is not defined                                 no-undef
  173:5    warning  'rect' is not defined                                     no-undef
  174:5    warning  'fill' is not defined                                     no-undef
  201:5    warning  'image' is not defined                                    no-undef
  201:11   warning  'image3' is not defined                                   no-undef
  201:55   warning  'img3w' is not defined                                    no-undef
  222:5    warning  'image' is not defined                                    no-undef
  222:11   warning  'image3' is not defined                                   no-undef
  222:55   warning  'img3w' is not defined                                    no-undef
  229:7    warning  'img3y' is not defined                                    no-undef
  233:7    warning  'gif3' is not defined                                     no-undef
  250:5    warning  'image' is not defined                                    no-undef
  250:11   warning  'image3' is not defined                                   no-undef
  250:55   warning  'img3w' is not defined                                    no-undef
  272:5    warning  'image' is not defined                                    no-undef
  272:11   warning  'image3' is not defined                                   no-undef
  272:55   warning  'img3w' is not defined                                    no-undef
  282:7    warning  'img3y' is not defined                                    no-undef
  286:7    warning  'gif4' is not defined                                     no-undef
  293:7    warning  'image' is not defined                                    no-undef
  293:13   warning  'image3' is not defined                                   no-undef
  293:53   warning  'img3w' is not defined                                    no-undef
  297:7    warning  'image' is not defined                                    no-undef
  297:13   warning  'image3' is not defined                                   no-undef
  297:51   warning  'img3w' is not defined                                    no-undef
  304:3    warning  'image' is not defined                                    no-undef
  316:5    warning  'image' is not defined                                    no-undef
  316:11   warning  'img' is not defined                                      no-undef
  337:5    warning  'image' is not defined                                    no-undef
  337:11   warning  'img' is not defined                                      no-undef
  347:7    warning  'gif2' is not defined                                     no-undef
  354:5    warning  'image' is not defined                                    no-undef
  354:11   warning  'img' is not defined                                      no-undef
  364:10   warning  'mousePressed' is defined but never used                  no-unused-vars
  366:7    warning  'mouseX' is not defined                                   no-undef
  366:37   warning  'mouseX' is not defined                                   no-undef
  366:63   warning  'mouseY' is not defined                                   no-undef
  366:93   warning  'mouseY' is not defined                                   no-undef
  372:7    warning  'mouseX' is not defined                                   no-undef
  372:24   warning  'img3w' is not defined                                    no-undef
  372:37   warning  'mouseX' is not defined                                   no-undef
  372:54   warning  'img3w' is not defined                                    no-undef
  372:63   warning  'mouseY' is not defined                                   no-undef
  372:72   warning  'img3y' is not defined                                    no-undef
  372:93   warning  'mouseY' is not defined                                   no-undef
  372:102  warning  'img3y' is not defined                                    no-undef
  377:7    warning  'mouseX' is not defined                                   no-undef
  377:35   warning  'mouseX' is not defined                                   no-undef
  377:59   warning  'mouseY' is not defined                                   no-undef
  377:87   warning  'mouseY' is not defined                                   no-undef
  383:3    warning  'gif1' is not defined                                     no-undef
  387:16   warning  'createVector' is not defined                             no-undef
  388:17   warning  'createVector' is not defined                             no-undef
  396:3    warning  'gif2' is not defined                                     no-undef
  401:18   warning  'createVector' is not defined                             no-undef
  402:19   warning  'createVector' is not defined                             no-undef
  408:5    warning  'gif3' is not defined                                     no-undef
  414:19   warning  'createVector' is not defined                             no-undef
  415:20   warning  'createVector' is not defined                             no-undef
  420:5    warning  'gif4' is not defined                                     no-undef

/home/runner/work/exp-water-hardness-iitr/exp-water-hardness-iitr/experiment/simulation/js/3and4KMno42.js
    3:13   warning  'image2' is defined but never used                        no-unused-vars
   13:40   warning  'img3yimg3w' is defined but never used                    no-unused-vars
   19:5    warning  'animationInProgress' is assigned a value but never used  no-unused-vars
   24:5    warning  'gif' is defined but never used                           no-unused-vars
   25:5    warning  'blinking' is assigned a value but never used             no-unused-vars
   51:7    warning  'noStroke' is not defined                                 no-undef
   52:7    warning  'fill' is not defined                                     no-undef
   53:7    warning  'ellipse' is not defined                                  no-undef
   58:10   warning  'preload' is defined but never used                       no-unused-vars
   60:12   warning  'loadImage' is not defined                                no-undef
   61:3    warning  'img' is not defined                                      no-undef
   61:9    warning  'loadImage' is not defined                                no-undef
   62:11   warning  'loadImage' is not defined                                no-undef
   63:3    warning  'image3' is not defined                                   no-undef
   63:12   warning  'loadImage' is not defined                                no-undef
   64:3    warning  'frontflask' is not defined                               no-undef
   64:16   warning  'loadImage' is not defined                                no-undef
   65:3    warning  'liquid' is not defined                                   no-undef
   65:12   warning  'loadImage' is not defined                                no-undef
   66:3    warning  'nextimg' is not defined                                  no-undef
   66:13   warning  'loadImage' is not defined                                no-undef
   67:3    warning  'gif1' is not defined                                     no-undef
   67:10   warning  'createImg' is not defined                                no-undef
   68:3    warning  'gif2' is not defined                                     no-undef
   68:10   warning  'createImg' is not defined                                no-undef
   69:3    warning  'gif3' is not defined                                     no-undef
   69:10   warning  'createImg' is not defined                                no-undef
   70:3    warning  'gif4' is not defined                                     no-undef
   70:10   warning  'createImg' is not defined                                no-undef
   72:3    warning  'gif1' is not defined                                     no-undef
   73:3    warning  'gif2' is not defined                                     no-undef
   74:3    warning  'gif3' is not defined                                     no-undef
   75:3    warning  'gif4' is not defined                                     no-undef
   78:3    warning  'gif1' is not defined                                     no-undef
   79:3    warning  'gif2' is not defined                                     no-undef
   80:3    warning  'gif3' is not defined                                     no-undef
   81:3    warning  'gif4' is not defined                                     no-undef
   84:10   warning  'setup' is defined but never used                         no-unused-vars
   86:11   warning  'createCanvas' is not defined                             no-undef
   88:3    warning  'gif1' is not defined                                     no-undef
   89:3    warning  'gif2' is not defined                                     no-undef
   90:3    warning  'gif3' is not defined                                     no-undef
   91:3    warning  'gif4' is not defined                                     no-undef
   94:16   warning  'img3y' is not defined                                    no-undef
   94:29   warning  'img3w' is not defined                                    no-undef
  101:3    warning  'gif1' is not defined                                     no-undef
  112:16   warning  'createVector' is not defined                             no-undef
  120:18   warning  'createVector' is not defined                             no-undef
  120:38   warning  'img3y' is not defined                                    no-undef
  129:10   warning  'draw' is defined but never used                          no-unused-vars
  132:6    warning  'gif1' is not defined                                     no-undef
  133:3    warning  'gif2' is not defined                                     no-undef
  134:3    warning  'gif3' is not defined                                     no-undef
  135:3    warning  'gif4' is not defined                                     no-undef
  137:3    warning  'background' is not defined                               no-undef
  145:3    warning  'push' is not defined                                     no-undef
  147:5    warning  'tint' is not defined                                     no-undef
  149:3    warning  'image' is not defined                                    no-undef
  149:9    warning  'liquid' is not defined                                   no-undef
  150:3    warning  'pop' is not defined                                      no-undef
  151:3    warning  'image' is not defined                                    no-undef
  151:9    warning  'frontflask' is not defined                               no-undef
  156:7    warning  'millis' is not defined                                   no-undef
  158:5    warning  'image' is not defined                                    no-undef
  158:11   warning  'nextimg' is not defined                                  no-undef
  168:5    warning  'noStroke' is not defined                                 no-undef
  169:5    warning  'rect' is not defined                                     no-undef
  170:5    warning  'fill' is not defined                                     no-undef
  197:5    warning  'image' is not defined                                    no-undef
  197:11   warning  'image3' is not defined                                   no-undef
  197:55   warning  'img3w' is not defined                                    no-undef
  218:5    warning  'image' is not defined                                    no-undef
  218:11   warning  'image3' is not defined                                   no-undef
  218:55   warning  'img3w' is not defined                                    no-undef
  225:7    warning  'img3y' is not defined                                    no-undef
  229:7    warning  'gif3' is not defined                                     no-undef
  246:5    warning  'image' is not defined                                    no-undef
  246:11   warning  'image3' is not defined                                   no-undef
  246:55   warning  'img3w' is not defined                                    no-undef
  268:5    warning  'image' is not defined                                    no-undef
  268:11   warning  'image3' is not defined                                   no-undef
  268:55   warning  'img3w' is not defined                                    no-undef
  278:7    warning  'img3y' is not defined                                    no-undef
  282:7    warning  'gif4' is not defined                                     no-undef
  289:7    warning  'image' is not defined                                    no-undef
  289:13   warning  'image3' is not defined                                   no-undef
  289:53   warning  'img3w' is not defined                                    no-undef
  293:7    warning  'image' is not defined                                    no-undef
  293:13   warning  'image3' is not defined                                   no-undef
  293:51   warning  'img3w' is not defined                                    no-undef
  300:3    warning  'image' is not defined                                    no-undef
  312:5    warning  'image' is not defined                                    no-undef
  312:11   warning  'img' is not defined                                      no-undef
  333:5    warning  'image' is not defined                                    no-undef
  333:11   warning  'img' is not defined                                      no-undef
  343:7    warning  'gif2' is not defined                                     no-undef
  350:5    warning  'image' is not defined                                    no-undef
  350:11   warning  'img' is not defined                                      no-undef
  360:10   warning  'mousePressed' is defined but never used                  no-unused-vars
  362:7    warning  'mouseX' is not defined                                   no-undef
  362:37   warning  'mouseX' is not defined                                   no-undef
  362:63   warning  'mouseY' is not defined                                   no-undef
  362:93   warning  'mouseY' is not defined                                   no-undef
  368:7    warning  'mouseX' is not defined                                   no-undef
  368:24   warning  'img3w' is not defined                                    no-undef
  368:37   warning  'mouseX' is not defined                                   no-undef
  368:54   warning  'img3w' is not defined                                    no-undef
  368:63   warning  'mouseY' is not defined                                   no-undef
  368:72   warning  'img3y' is not defined                                    no-undef
  368:93   warning  'mouseY' is not defined                                   no-undef
  368:102  warning  'img3y' is not defined                                    no-undef
  373:7    warning  'mouseX' is not defined                                   no-undef
  373:35   warning  'mouseX' is not defined                                   no-undef
  373:59   warning  'mouseY' is not defined                                   no-undef
  373:87   warning  'mouseY' is not defined                                   no-undef
  379:3    warning  'gif1' is not defined                                     no-undef
  383:16   warning  'createVector' is not defined                             no-undef
  384:17   warning  'createVector' is not defined                             no-undef
  392:3    warning  'gif2' is not defined                                     no-undef
  397:18   warning  'createVector' is not defined                             no-undef
  398:19   warning  'createVector' is not defined                             no-undef
  404:5    warning  'gif3' is not defined                                     no-undef
  410:19   warning  'createVector' is not defined                             no-undef
  411:20   warning  'createVector' is not defined                             no-undef
  416:5    warning  'gif4' is not defined                                     no-undef

/home/runner/work/exp-water-hardness-iitr/exp-water-hardness-iitr/experiment/simulation/js/Mainfile'.js
    7:5   warning  'equivalencePointVolume' is defined but never used     no-unused-vars
   28:5   warning  'croppedImg' is defined but never used                 no-unused-vars
   29:5   warning  'gifImage' is defined but never used                   no-unused-vars
   42:5   warning  'ex2one' is assigned a value but never used            no-unused-vars
   43:5   warning  'exone' is assigned a value but never used             no-unused-vars
   46:3   warning  Unnecessary semicolon                                  no-extra-semi
   54:5   warning  'waterlevel' is assigned a value but never used        no-unused-vars
   67:5   warning  'blinking' is assigned a value but never used          no-unused-vars
   74:10  warning  'preload' is defined but never used                    no-unused-vars
   75:15  warning  'loadImage' is not defined                             no-undef
   76:16  warning  'loadImage' is not defined                             no-undef
   77:14  warning  'loadImage' is not defined                             no-undef
   78:15  warning  'loadImage' is not defined                             no-undef
   80:1   warning  'nextimg' is not defined                               no-undef
   80:11  warning  'loadImage' is not defined                             no-undef
   81:21  warning  'loadImage' is not defined                             no-undef
  102:15  warning  'select' is not defined                                no-undef
  105:6   warning  'windowWidth' is not defined                           no-undef
  111:12  warning  'createCanvas' is not defined                          no-undef
  119:3   warning  'background' is not defined                            no-undef
  121:3   warning  'slider1' is not defined                               no-undef
  121:13  warning  'select' is not defined                                no-undef
  122:3   warning  'slider2' is not defined                               no-undef
  122:13  warning  'select' is not defined                                no-undef
  123:3   warning  'slider3' is not defined                               no-undef
  123:13  warning  'select' is not defined                                no-undef
  125:3   warning  'slider1' is not defined                               no-undef
  126:3   warning  'slider2' is not defined                               no-undef
  127:3   warning  'slider3' is not defined                               no-undef
  130:23  warning  'slider2' is not defined                               no-undef
  131:20  warning  'slider3' is not defined                               no-undef
  133:24  warning  'color' is not defined                                 no-undef
  137:12  warning  'width' is not defined                                 no-undef
  138:12  warning  'height' is not defined                                no-undef
  145:16  warning  'color' is not defined                                 no-undef
  146:17  warning  'color' is not defined                                 no-undef
  176:10  warning  'draw' is defined but never used                       no-unused-vars
  178:3   warning  'frameRate' is not defined                             no-undef
  181:12  warning  'slider1' is not defined                               no-undef
  182:3   warning  'background' is not defined                            no-undef
  186:5   warning  'noStroke' is not defined                              no-undef
  187:5   warning  'fill' is not defined                                  no-undef
  188:5   warning  'rect' is not defined                                  no-undef
  188:10  warning  'width' is not defined                                 no-undef
  188:68  warning  'random' is not defined                                no-undef
  188:85  warning  'random' is not defined                                no-undef
  192:6   warning  'slider3' is not defined                               no-undef
  193:24  warning  'slider3' is not defined                               no-undef
  218:3   warning  'noStroke' is not defined                              no-undef
  219:3   warning  'fill' is not defined                                  no-undef
  221:3   warning  'rect' is not defined                                  no-undef
  221:8   warning  'width' is not defined                                 no-undef
  222:3   warning  'push' is not defined                                  no-undef
  224:3   warning  'image' is not defined                                 no-undef
  224:20  warning  'width' is not defined                                 no-undef
  225:3   warning  'noStroke' is not defined                              no-undef
  226:3   warning  'pop' is not defined                                   no-undef
  228:5   warning  'noStroke' is not defined                              no-undef
  229:5   warning  'fill' is not defined                                  no-undef
  243:5   warning  'image' is not defined                                 no-undef
  244:5   warning  'image' is not defined                                 no-undef
  252:5   warning  'push' is not defined                                  no-undef
  253:5   warning  'tint' is not defined                                  no-undef
  256:7   warning  'image' is not defined                                 no-undef
  259:7   warning  'image' is not defined                                 no-undef
  263:5   warning  'pop' is not defined                                   no-undef
  284:35  warning  'floor' is not defined                                 no-undef
  293:9   warning  'millis' is not defined                                no-undef
  295:7   warning  'image' is not defined                                 no-undef
  295:13  warning  'nextimg' is not defined                               no-undef
  302:10  warning  'mousePressed' is defined but never used               no-unused-vars
  305:20  warning  'dist' is not defined                                  no-undef
  305:25  warning  'mouseX' is not defined                                no-undef
  305:33  warning  'mouseY' is not defined                                no-undef
  311:19  warning  'dist' is not defined                                  no-undef
  311:24  warning  'mouseX' is not defined                                no-undef
  311:32  warning  'mouseY' is not defined                                no-undef
  317:7   warning  'mouseX' is not defined                                no-undef
  317:35  warning  'mouseX' is not defined                                no-undef
  317:59  warning  'mouseY' is not defined                                no-undef
  317:87  warning  'mouseY' is not defined                                no-undef
  322:10  warning  'mouseReleased' is defined but never used              no-unused-vars
  329:10  warning  'changeArrowStyleToPointer' is defined but never used  no-unused-vars
  330:3   warning  'nextButton' is not defined                            no-undef
  368:31  warning  'sin' is not defined                                   no-undef
  369:3   warning  'push' is not defined                                  no-undef
  373:3   warning  'translate' is not defined                             no-undef
  373:13  warning  'width' is not defined                                 no-undef
  374:3   warning  'rotate' is not defined                                no-undef
  374:10  warning  'radians' is not defined                               no-undef
  375:3   warning  'image' is not defined                                 no-undef
  375:30  warning  'width' is not defined                                 no-undef
  385:3   warning  'push' is not defined                                  no-undef
  386:3   warning  'tint' is not defined                                  no-undef
  389:5   warning  'image' is not defined                                 no-undef
  389:23  warning  'width' is not defined                                 no-undef
  392:5   warning  'image' is not defined                                 no-undef
  392:31  warning  'width' is not defined                                 no-undef
  396:3   warning  'pop' is not defined                                   no-undef
  397:3   warning  'image' is not defined                                 no-undef
  397:28  warning  'width' is not defined                                 no-undef
  398:3   warning  'pop' is not defined                                   no-undef
  425:10  warning  'showHtmlNextButton' is defined but never used         no-unused-vars
  469:23  warning  'slider2' is not defined                               no-undef
  470:20  warning  'slider3' is not defined                               no-undef
  479:23  warning  'random' is not defined                                no-undef
  487:3   warning  'slider2' is not defined                               no-undef
  488:3   warning  'slider3' is not defined                               no-undef
  498:26  warning  'random' is not defined                                no-undef
  499:27  warning  'random' is not defined                                no-undef
  500:3   warning  'frameRate' is not defined                             no-undef
  501:3   warning  'fill' is not defined                                  no-undef
  502:3   warning  'noStroke' is not defined                              no-undef
  503:33  warning  'random' is not defined                                no-undef
  509:28  warning  'random' is not defined                                no-undef
  510:29  warning  'random' is not defined                                no-undef
  512:5   warning  'ellipse' is not defined                               no-undef

/home/runner/work/exp-water-hardness-iitr/exp-water-hardness-iitr/experiment/simulation/js/Mainfile.js
    7:5   warning  'equivalencePointVolume' is defined but never used      no-unused-vars
    8:5   warning  'titrationFinished' is assigned a value but never used  no-unused-vars
   28:5   warning  'croppedImg' is defined but never used                  no-unused-vars
   29:5   warning  'gifImage' is defined but never used                    no-unused-vars
   42:5   warning  'ex2one' is assigned a value but never used             no-unused-vars
   43:5   warning  'exone' is assigned a value but never used              no-unused-vars
   46:3   warning  Unnecessary semicolon                                   no-extra-semi
   54:5   warning  'waterlevel' is assigned a value but never used         no-unused-vars
   67:5   warning  'blinking' is assigned a value but never used           no-unused-vars
   74:10  warning  'preload' is defined but never used                     no-unused-vars
   75:15  warning  'loadImage' is not defined                              no-undef
   76:16  warning  'loadImage' is not defined                              no-undef
   77:14  warning  'loadImage' is not defined                              no-undef
   78:15  warning  'loadImage' is not defined                              no-undef
   80:1   warning  'nextimg' is not defined                                no-undef
   80:11  warning  'loadImage' is not defined                              no-undef
   81:21  warning  'loadImage' is not defined                              no-undef
  102:15  warning  'select' is not defined                                 no-undef
  105:6   warning  'windowWidth' is not defined                            no-undef
  111:12  warning  'createCanvas' is not defined                           no-undef
  119:3   warning  'background' is not defined                             no-undef
  121:3   warning  'slider1' is not defined                                no-undef
  121:13  warning  'select' is not defined                                 no-undef
  122:3   warning  'slider2' is not defined                                no-undef
  122:13  warning  'select' is not defined                                 no-undef
  123:3   warning  'slider3' is not defined                                no-undef
  123:13  warning  'select' is not defined                                 no-undef
  125:3   warning  'slider1' is not defined                                no-undef
  126:3   warning  'slider2' is not defined                                no-undef
  127:3   warning  'slider3' is not defined                                no-undef
  130:23  warning  'slider2' is not defined                                no-undef
  131:20  warning  'slider3' is not defined                                no-undef
  133:24  warning  'color' is not defined                                  no-undef
  137:12  warning  'width' is not defined                                  no-undef
  138:12  warning  'height' is not defined                                 no-undef
  145:16  warning  'color' is not defined                                  no-undef
  146:17  warning  'color' is not defined                                  no-undef
  175:23  warning  'slider2' is not defined                                no-undef
  176:20  warning  'slider3' is not defined                                no-undef
  181:10  warning  'draw' is defined but never used                        no-unused-vars
  183:3   warning  'frameRate' is not defined                              no-undef
  185:12  warning  'slider1' is not defined                                no-undef
  186:3   warning  'background' is not defined                             no-undef
  190:5   warning  'noStroke' is not defined                               no-undef
  191:5   warning  'fill' is not defined                                   no-undef
  192:5   warning  'rect' is not defined                                   no-undef
  192:10  warning  'width' is not defined                                  no-undef
  192:68  warning  'random' is not defined                                 no-undef
  192:85  warning  'random' is not defined                                 no-undef
  196:6   warning  'slider3' is not defined                                no-undef
  197:24  warning  'slider3' is not defined                                no-undef
  222:3   warning  'noStroke' is not defined                               no-undef
  223:3   warning  'fill' is not defined                                   no-undef
  225:3   warning  'rect' is not defined                                   no-undef
  225:8   warning  'width' is not defined                                  no-undef
  226:3   warning  'push' is not defined                                   no-undef
  228:3   warning  'image' is not defined                                  no-undef
  228:20  warning  'width' is not defined                                  no-undef
  229:3   warning  'noStroke' is not defined                               no-undef
  230:3   warning  'pop' is not defined                                    no-undef
  232:5   warning  'noStroke' is not defined                               no-undef
  233:5   warning  'fill' is not defined                                   no-undef
  247:5   warning  'image' is not defined                                  no-undef
  248:5   warning  'image' is not defined                                  no-undef
  256:5   warning  'push' is not defined                                   no-undef
  257:5   warning  'tint' is not defined                                   no-undef
  260:7   warning  'image' is not defined                                  no-undef
  263:7   warning  'image' is not defined                                  no-undef
  267:5   warning  'pop' is not defined                                    no-undef
  288:35  warning  'floor' is not defined                                  no-undef
  297:9   warning  'millis' is not defined                                 no-undef
  299:7   warning  'image' is not defined                                  no-undef
  299:13  warning  'nextimg' is not defined                                no-undef
  306:10  warning  'mousePressed' is defined but never used                no-unused-vars
  309:20  warning  'dist' is not defined                                   no-undef
  309:25  warning  'mouseX' is not defined                                 no-undef
  309:33  warning  'mouseY' is not defined                                 no-undef
  315:19  warning  'dist' is not defined                                   no-undef
  315:24  warning  'mouseX' is not defined                                 no-undef
  315:32  warning  'mouseY' is not defined                                 no-undef
  321:7   warning  'mouseX' is not defined                                 no-undef
  321:35  warning  'mouseX' is not defined                                 no-undef
  321:59  warning  'mouseY' is not defined                                 no-undef
  321:87  warning  'mouseY' is not defined                                 no-undef
  326:10  warning  'mouseReleased' is defined but never used               no-unused-vars
  333:10  warning  'changeArrowStyleToPointer' is defined but never used   no-unused-vars
  334:3   warning  'nextButton' is not defined                             no-undef
  373:31  warning  'sin' is not defined                                    no-undef
  374:3   warning  'push' is not defined                                   no-undef
  378:3   warning  'translate' is not defined                              no-undef
  378:13  warning  'width' is not defined                                  no-undef
  379:3   warning  'rotate' is not defined                                 no-undef
  379:10  warning  'radians' is not defined                                no-undef
  380:3   warning  'image' is not defined                                  no-undef
  380:30  warning  'width' is not defined                                  no-undef
  390:3   warning  'push' is not defined                                   no-undef
  391:3   warning  'tint' is not defined                                   no-undef
  394:5   warning  'image' is not defined                                  no-undef
  394:23  warning  'width' is not defined                                  no-undef
  397:5   warning  'image' is not defined                                  no-undef
  397:31  warning  'width' is not defined                                  no-undef
  401:3   warning  'pop' is not defined                                    no-undef
  402:3   warning  'image' is not defined                                  no-undef
  402:28  warning  'width' is not defined                                  no-undef
  403:3   warning  'pop' is not defined                                    no-undef
  428:23  warning  'slider2' is not defined                                no-undef
  429:20  warning  'slider3' is not defined                                no-undef
  438:23  warning  'random' is not defined                                 no-undef
  457:26  warning  'random' is not defined                                 no-undef
  458:27  warning  'random' is not defined                                 no-undef
  459:3   warning  'frameRate' is not defined                              no-undef
  460:3   warning  'fill' is not defined                                   no-undef
  461:3   warning  'noStroke' is not defined                               no-undef
  462:33  warning  'random' is not defined                                 no-undef
  468:28  warning  'random' is not defined                                 no-undef
  469:29  warning  'random' is not defined                                 no-undef
  471:5   warning  'ellipse' is not defined                                no-undef

/home/runner/work/exp-water-hardness-iitr/exp-water-hardness-iitr/experiment/simulation/js/Mainfile2.js
   36:5   warning  'equivalencePointVolume' is defined but never used     no-unused-vars
   57:5   warning  'croppedImg' is defined but never used                 no-unused-vars
   58:5   warning  'gifImage' is defined but never used                   no-unused-vars
   71:5   warning  'ex2one' is assigned a value but never used            no-unused-vars
   72:5   warning  'exone' is assigned a value but never used             no-unused-vars
   75:3   warning  Unnecessary semicolon                                  no-extra-semi
   83:5   warning  'waterlevel' is assigned a value but never used        no-unused-vars
   97:5   warning  'blinking' is assigned a value but never used          no-unused-vars
  104:10  warning  'preload' is defined but never used                    no-unused-vars
  105:15  warning  'loadImage' is not defined                             no-undef
  106:16  warning  'loadImage' is not defined                             no-undef
  107:14  warning  'loadImage' is not defined                             no-undef
  108:15  warning  'loadImage' is not defined                             no-undef
  110:1   warning  'nextimg' is not defined                               no-undef
  110:11  warning  'loadImage' is not defined                             no-undef
  111:21  warning  'loadImage' is not defined                             no-undef
  132:15  warning  'select' is not defined                                no-undef
  135:6   warning  'windowWidth' is not defined                           no-undef
  141:12  warning  'createCanvas' is not defined                          no-undef
  149:3   warning  'background' is not defined                            no-undef
  151:3   warning  'slider1' is not defined                               no-undef
  151:13  warning  'select' is not defined                                no-undef
  159:3   warning  'slider1' is not defined                               no-undef
  167:24  warning  'color' is not defined                                 no-undef
  171:12  warning  'width' is not defined                                 no-undef
  172:12  warning  'height' is not defined                                no-undef
  179:16  warning  'color' is not defined                                 no-undef
  180:17  warning  'color' is not defined                                 no-undef
  224:10  warning  'draw' is defined but never used                       no-unused-vars
  226:3   warning  'frameRate' is not defined                             no-undef
  229:12  warning  'slider1' is not defined                               no-undef
  230:3   warning  'background' is not defined                            no-undef
  234:5   warning  'noStroke' is not defined                              no-undef
  235:5   warning  'fill' is not defined                                  no-undef
  236:5   warning  'rect' is not defined                                  no-undef
  236:10  warning  'width' is not defined                                 no-undef
  236:68  warning  'random' is not defined                                no-undef
  236:85  warning  'random' is not defined                                no-undef
  260:3   warning  'noStroke' is not defined                              no-undef
  261:3   warning  'fill' is not defined                                  no-undef
  263:3   warning  'rect' is not defined                                  no-undef
  263:8   warning  'width' is not defined                                 no-undef
  264:3   warning  'push' is not defined                                  no-undef
  266:3   warning  'image' is not defined                                 no-undef
  266:20  warning  'width' is not defined                                 no-undef
  267:3   warning  'noStroke' is not defined                              no-undef
  268:3   warning  'pop' is not defined                                   no-undef
  270:5   warning  'noStroke' is not defined                              no-undef
  271:5   warning  'fill' is not defined                                  no-undef
  285:5   warning  'image' is not defined                                 no-undef
  286:5   warning  'image' is not defined                                 no-undef
  294:5   warning  'push' is not defined                                  no-undef
  295:5   warning  'tint' is not defined                                  no-undef
  298:7   warning  'image' is not defined                                 no-undef
  301:7   warning  'image' is not defined                                 no-undef
  305:5   warning  'pop' is not defined                                   no-undef
  326:35  warning  'floor' is not defined                                 no-undef
  328:33  warning  'floor' is not defined                                 no-undef
  337:9   warning  'millis' is not defined                                no-undef
  339:7   warning  'image' is not defined                                 no-undef
  339:13  warning  'nextimg' is not defined                               no-undef
  346:10  warning  'mousePressed' is defined but never used               no-unused-vars
  349:20  warning  'dist' is not defined                                  no-undef
  349:25  warning  'mouseX' is not defined                                no-undef
  349:33  warning  'mouseY' is not defined                                no-undef
  355:19  warning  'dist' is not defined                                  no-undef
  355:24  warning  'mouseX' is not defined                                no-undef
  355:32  warning  'mouseY' is not defined                                no-undef
  361:7   warning  'mouseX' is not defined                                no-undef
  361:35  warning  'mouseX' is not defined                                no-undef
  361:59  warning  'mouseY' is not defined                                no-undef
  361:87  warning  'mouseY' is not defined                                no-undef
  366:10  warning  'mouseReleased' is defined but never used              no-unused-vars
  373:10  warning  'changeArrowStyleToPointer' is defined but never used  no-unused-vars
  374:3   warning  'nextButton' is not defined                            no-undef
  412:31  warning  'sin' is not defined                                   no-undef
  413:3   warning  'push' is not defined                                  no-undef
  417:3   warning  'translate' is not defined                             no-undef
  417:13  warning  'width' is not defined                                 no-undef
  418:3   warning  'rotate' is not defined                                no-undef
  418:10  warning  'radians' is not defined                               no-undef
  419:3   warning  'image' is not defined                                 no-undef
  419:30  warning  'width' is not defined                                 no-undef
  429:3   warning  'push' is not defined                                  no-undef
  430:3   warning  'tint' is not defined                                  no-undef
  433:5   warning  'image' is not defined                                 no-undef
  433:23  warning  'width' is not defined                                 no-undef
  436:5   warning  'image' is not defined                                 no-undef
  436:31  warning  'width' is not defined                                 no-undef
  440:3   warning  'pop' is not defined                                   no-undef
  441:3   warning  'image' is not defined                                 no-undef
  441:28  warning  'width' is not defined                                 no-undef
  442:3   warning  'pop' is not defined                                   no-undef
  476:41  warning  'random' is not defined                                no-undef
  492:26  warning  'random' is not defined                                no-undef
  493:27  warning  'random' is not defined                                no-undef
  494:3   warning  'frameRate' is not defined                             no-undef
  495:3   warning  'fill' is not defined                                  no-undef
  496:3   warning  'noStroke' is not defined                              no-undef
  497:33  warning  'random' is not defined                                no-undef
  503:28  warning  'random' is not defined                                no-undef
  504:29  warning  'random' is not defined                                no-undef
  506:5   warning  'ellipse' is not defined                               no-undef
  536:10  warning  'showHtmlNextButton' is defined but never used         no-unused-vars

/home/runner/work/exp-water-hardness-iitr/exp-water-hardness-iitr/experiment/simulation/js/calculation.js
  132:38  warning  'module' is not defined  no-undef
  133:3   warning  'module' is not defined  no-undef

 595 problems (0 errors, 595 warnings)
  0 errors and 3 warnings potentially fixable with the `--fix` option.

